# JRE version: Java(TM) SE Runtime Environment (8.0_211-b12) (build 1.8.0_211-b12)
# Java VM: Java HotSpot(TM) 64-Bit Server VM (25.211-b12 mixed mode bsd-amd64 compressed oops)
Heap:
 PSYoungGen      total 48640K, used 37681K [0x000000076ab00000, 0x000000076df00000, 0x00000007c0000000)
  eden space 45056K, 80% used [0x000000076ab00000,0x000000076ce5ed08,0x000000076d700000)
  from space 3584K, 40% used [0x000000076db80000,0x000000076dceda40,0x000000076df00000)
  to   space 4096K, 0% used [0x000000076d700000,0x000000076d700000,0x000000076db00000)
 ParOldGen       total 120320K, used 12531K [0x00000006c0000000, 0x00000006c7580000, 0x000000076ab00000)
  object space 120320K, 10% used [0x00000006c0000000,0x00000006c0c3cf90,0x00000006c7580000)
 Metaspace       used 22793K, capacity 23359K, committed 23600K, reserved 1071104K
  class space    used 2549K, capacity 2739K, committed 2864K, reserved 1048576K
GC Heap History (10 events):
Event: 193.448 GC heap before
{Heap before GC invocations=33 (full 1):
 PSYoungGen      total 49152K, used 48979K [0x000000076ab00000, 0x000000076e280000, 0x00000007c0000000)
  eden space 47616K, 100% used [0x000000076ab00000,0x000000076d980000,0x000000076d980000)
  from space 1536K, 88% used [0x000000076da00000,0x000000076db54ff0,0x000000076db80000)
  to   space 4608K, 0% used [0x000000076de00000,0x000000076de00000,0x000000076e280000)
 ParOldGen       total 120320K, used 12499K [0x00000006c0000000, 0x00000006c7580000, 0x000000076ab00000)
  object space 120320K, 10% used [0x00000006c0000000,0x00000006c0c34f90,0x00000006c7580000)
 Metaspace       used 22460K, capacity 22993K, committed 23216K, reserved 1069056K
  class space    used 2521K, capacity 2704K, committed 2736K, reserved 1048576K
Event: 193.450 GC heap after
Heap after GC invocations=33 (full 1):
 PSYoungGen      total 51200K, used 1596K [0x000000076ab00000, 0x000000076e200000, 0x00000007c0000000)
  eden space 47104K, 0% used [0x000000076ab00000,0x000000076ab00000,0x000000076d900000)
  from space 4096K, 38% used [0x000000076de00000,0x000000076df8f318,0x000000076e200000)
  to   space 4608K, 0% used [0x000000076d900000,0x000000076d900000,0x000000076dd80000)
 ParOldGen       total 120320K, used 12515K [0x00000006c0000000, 0x00000006c7580000, 0x000000076ab00000)
  object space 120320K, 10% used [0x00000006c0000000,0x00000006c0c38f90,0x00000006c7580000)
 Metaspace       used 22460K, capacity 22993K, committed 23216K, reserved 1069056K
  class space    used 2521K, capacity 2704K, committed 2736K, reserved 1048576K
}
Event: 204.038 GC heap before
{Heap before GC invocations=34 (full 1):
 PSYoungGen      total 51200K, used 48700K [0x000000076ab00000, 0x000000076e200000, 0x00000007c0000000)
  eden space 47104K, 100% used [0x000000076ab00000,0x000000076d900000,0x000000076d900000)
  from space 4096K, 38% used [0x000000076de00000,0x000000076df8f318,0x000000076e200000)
  to   space 4608K, 0% used [0x000000076d900000,0x000000076d900000,0x000000076dd80000)
 ParOldGen       total 120320K, used 12515K [0x00000006c0000000, 0x00000006c7580000, 0x000000076ab00000)
  object space 120320K, 10% used [0x00000006c0000000,0x00000006c0c38f90,0x00000006c7580000)
 Metaspace       used 22691K, capacity 23295K, committed 23600K, reserved 1071104K
  class space    used 2547K, capacity 2739K, committed 2864K, reserved 1048576K
Event: 204.039 GC heap after
Heap after GC invocations=34 (full 1):
 PSYoungGen      total 48128K, used 1438K [0x000000076ab00000, 0x000000076e180000, 0x00000007c0000000)
  eden space 46592K, 0% used [0x000000076ab00000,0x000000076ab00000,0x000000076d880000)
  from space 1536K, 93% used [0x000000076d900000,0x000000076da67820,0x000000076da80000)
  to   space 4608K, 0% used [0x000000076dd00000,0x000000076dd00000,0x000000076e180000)
 ParOldGen       total 120320K, used 12531K [0x00000006c0000000, 0x00000006c7580000, 0x000000076ab00000)
  object space 120320K, 10% used [0x00000006c0000000,0x00000006c0c3cf90,0x00000006c7580000)
 Metaspace       used 22691K, capacity 23295K, committed 23600K, reserved 1071104K
  class space    used 2547K, capacity 2739K, committed 2864K, reserved 1048576K
}
Event: 212.451 GC heap before
{Heap before GC invocations=35 (full 1):
 PSYoungGen      total 48128K, used 48030K [0x000000076ab00000, 0x000000076e180000, 0x00000007c0000000)
  eden space 46592K, 100% used [0x000000076ab00000,0x000000076d880000,0x000000076d880000)
  from space 1536K, 93% used [0x000000076d900000,0x000000076da67820,0x000000076da80000)
  to   space 4608K, 0% used [0x000000076dd00000,0x000000076dd00000,0x000000076e180000)
 ParOldGen       total 120320K, used 12531K [0x00000006c0000000, 0x00000006c7580000, 0x000000076ab00000)
  object space 120320K, 10% used [0x00000006c0000000,0x00000006c0c3cf90,0x00000006c7580000)
 Metaspace       used 22693K, capacity 23295K, committed 23600K, reserved 1071104K
  class space    used 2547K, capacity 2739K, committed 2864K, reserved 1048576K
Event: 212.453 GC heap after
Heap after GC invocations=35 (full 1):
 PSYoungGen      total 49152K, used 1462K [0x000000076ab00000, 0x000000076e000000, 0x00000007c0000000)
  eden space 46080K, 0% used [0x000000076ab00000,0x000000076ab00000,0x000000076d800000)
  from space 3072K, 47% used [0x000000076dd00000,0x000000076de6da40,0x000000076e000000)
  to   space 4096K, 0% used [0x000000076d800000,0x000000076d800000,0x000000076dc00000)
 ParOldGen       total 120320K, used 12531K [0x00000006c0000000, 0x00000006c7580000, 0x000000076ab00000)
  object space 120320K, 10% used [0x00000006c0000000,0x00000006c0c3cf90,0x00000006c7580000)
 Metaspace       used 22693K, capacity 23295K, committed 23600K, reserved 1071104K
  class space    used 2547K, capacity 2739K, committed 2864K, reserved 1048576K
}
Event: 227.379 GC heap before
{Heap before GC invocations=36 (full 1):
 PSYoungGen      total 49152K, used 47542K [0x000000076ab00000, 0x000000076e000000, 0x00000007c0000000)
  eden space 46080K, 100% used [0x000000076ab00000,0x000000076d800000,0x000000076d800000)
  from space 3072K, 47% used [0x000000076dd00000,0x000000076de6da40,0x000000076e000000)
  to   space 4096K, 0% used [0x000000076d800000,0x000000076d800000,0x000000076dc00000)
 ParOldGen       total 120320K, used 12531K [0x00000006c0000000, 0x00000006c7580000, 0x000000076ab00000)
  object space 120320K, 10% used [0x00000006c0000000,0x00000006c0c3cf90,0x00000006c7580000)
 Metaspace       used 22694K, capacity 23295K, committed 23600K, reserved 1071104K
  class space    used 2547K, capacity 2739K, committed 2864K, reserved 1048576K
Event: 227.381 GC heap after
Heap after GC invocations=36 (full 1):
 PSYoungGen      total 47104K, used 1310K [0x000000076ab00000, 0x000000076df80000, 0x00000007c0000000)
  eden space 45568K, 0% used [0x000000076ab00000,0x000000076ab00000,0x000000076d780000)
  from space 1536K, 85% used [0x000000076d800000,0x000000076d947a48,0x000000076d980000)
  to   space 4096K, 0% used [0x000000076db80000,0x000000076db80000,0x000000076df80000)
 ParOldGen       total 120320K, used 12531K [0x00000006c0000000, 0x00000006c7580000, 0x000000076ab00000)
  object space 120320K, 10% used [0x00000006c0000000,0x00000006c0c3cf90,0x00000006c7580000)
 Metaspace       used 22694K, capacity 23295K, committed 23600K, reserved 1071104K
  class space    used 2547K, capacity 2739K, committed 2864K, reserved 1048576K
}
Event: 233.586 GC heap before
{Heap before GC invocations=37 (full 1):
 PSYoungGen      total 47104K, used 46878K [0x000000076ab00000, 0x000000076df80000, 0x00000007c0000000)
  eden space 45568K, 100% used [0x000000076ab00000,0x000000076d780000,0x000000076d780000)
  from space 1536K, 85% used [0x000000076d800000,0x000000076d947a48,0x000000076d980000)
  to   space 4096K, 0% used [0x000000076db80000,0x000000076db80000,0x000000076df80000)
 ParOldGen       total 120320K, used 12531K [0x00000006c0000000, 0x00000006c7580000, 0x000000076ab00000)
  object space 120320K, 10% used [0x00000006c0000000,0x00000006c0c3cf90,0x00000006c7580000)
 Metaspace       used 22699K, capacity 23295K, committed 23600K, reserved 1071104K
  class space    used 2547K, capacity 2739K, committed 2864K, reserved 1048576K
Event: 233.587 GC heap after
Heap after GC invocations=37 (full 1):
 PSYoungGen      total 48640K, used 1462K [0x000000076ab00000, 0x000000076df00000, 0x00000007c0000000)
  eden space 45056K, 0% used [0x000000076ab00000,0x000000076ab00000,0x000000076d700000)
  from space 3584K, 40% used [0x000000076db80000,0x000000076dceda40,0x000000076df00000)
  to   space 4096K, 0% used [0x000000076d700000,0x000000076d700000,0x000000076db00000)
 ParOldGen       total 120320K, used 12531K [0x00000006c0000000, 0x00000006c7580000, 0x000000076ab00000)
  object space 120320K, 10% used [0x00000006c0000000,0x00000006c0c3cf90,0x00000006c7580000)
 Metaspace       used 22699K, capacity 23295K, committed 23600K, reserved 1071104K
  class space    used 2547K, capacity 2739K, committed 2864K, reserved 1048576K
}

